<?xml version="1.0" encoding="UTF-8"?>
<!-- Generated by org.testng.reporters.JUnitReportReporter -->
<testsuite skipped="0" hostname="DESKTOP-N1OEL97" name="appiumTest.calculator" tests="1" failures="0" timestamp="2020-10-16T20:20:52 CAT" time="19.699" errors="0">
  <testcase name="calculate" time="19.699" classname="appiumTest.calculator"/>
</testsuite> <!-- appiumTest.calculator -->
